{
  "RSpec": {
    "coverage": {
      "/Users/payammousavi/Documents/Personal/Projects/Ruby/toy-robot/spec/commands/command_spec.rb": {
        "lines": [
          null,
          null,
          1,
          1,
          null,
          1,
          2,
          null,
          1,
          1,
          1,
          2,
          null,
          null,
          null,
          null
        ]
      },
      "/Users/payammousavi/Documents/Personal/Projects/Ruby/toy-robot/lib/commands/command.rb": {
        "lines": [
          null,
          null,
          1,
          null,
          null,
          null,
          1,
          1,
          25,
          25,
          null,
          null,
          1,
          1,
          null,
          null
        ]
      },
      "/Users/payammousavi/Documents/Personal/Projects/Ruby/toy-robot/lib/exceptions.rb": {
        "lines": [
          null,
          null,
          1,
          null,
          1,
          null,
          1
        ]
      },
      "/Users/payammousavi/Documents/Personal/Projects/Ruby/toy-robot/spec/commands/exit_command_spec.rb": {
        "lines": [
          null,
          null,
          1,
          1,
          null,
          1,
          2,
          null,
          1,
          1,
          1,
          2,
          null,
          null,
          null,
          null
        ]
      },
      "/Users/payammousavi/Documents/Personal/Projects/Ruby/toy-robot/lib/commands/exit_command.rb": {
        "lines": [
          null,
          null,
          1,
          null,
          1,
          1,
          2,
          2,
          2,
          null,
          2,
          null,
          null
        ]
      },
      "/Users/payammousavi/Documents/Personal/Projects/Ruby/toy-robot/spec/commands/move_command_spec.rb": {
        "lines": [
          null,
          null,
          1,
          1,
          1,
          1,
          1,
          null,
          1,
          4,
          4,
          2,
          4,
          null,
          1,
          1,
          1,
          2,
          null,
          null,
          null,
          1,
          2,
          null,
          1,
          1,
          2,
          null,
          null,
          null,
          1,
          2,
          null,
          1,
          1,
          1,
          1,
          null,
          null,
          null,
          null
        ]
      },
      "/Users/payammousavi/Documents/Personal/Projects/Ruby/toy-robot/lib/commands/move_command.rb": {
        "lines": [
          null,
          null,
          1,
          null,
          1,
          1,
          4,
          4,
          null,
          null,
          1,
          3,
          null,
          2,
          2,
          null,
          1,
          null,
          null
        ]
      },
      "/Users/payammousavi/Documents/Personal/Projects/Ruby/toy-robot/lib/robot.rb": {
        "lines": [
          null,
          null,
          1,
          null,
          1,
          1,
          null,
          1,
          24,
          null,
          null,
          1,
          null,
          7,
          null,
          null,
          1,
          3,
          null,
          3,
          null,
          null,
          1,
          2,
          null,
          1,
          null,
          null,
          1,
          2,
          null,
          1,
          null,
          null,
          1,
          10,
          null,
          8,
          null,
          null,
          1,
          22,
          null,
          null
        ]
      },
      "/Users/payammousavi/Documents/Personal/Projects/Ruby/toy-robot/lib/map.rb": {
        "lines": [
          null,
          null,
          1,
          null,
          null,
          null,
          1,
          1,
          1,
          1,
          1,
          null,
          1,
          null,
          1,
          24,
          23,
          null,
          23,
          23,
          null,
          null,
          1,
          9,
          null,
          null
        ]
      },
      "/Users/payammousavi/Documents/Personal/Projects/Ruby/toy-robot/lib/position.rb": {
        "lines": [
          null,
          null,
          1,
          null,
          null,
          null,
          1,
          1,
          1,
          1,
          1,
          null,
          1,
          null,
          1,
          null,
          1,
          48,
          48,
          48,
          null,
          null,
          1,
          12,
          null,
          11,
          11,
          11,
          null,
          null,
          1,
          4,
          null,
          3,
          null,
          0,
          null,
          1,
          null,
          0,
          null,
          null,
          null,
          1,
          2,
          null,
          null,
          1,
          2,
          null,
          null,
          1,
          22,
          null,
          null
        ]
      },
      "/Users/payammousavi/Documents/Personal/Projects/Ruby/toy-robot/spec/commands/noop_command_spec.rb": {
        "lines": [
          null,
          null,
          1,
          1,
          null,
          1,
          2,
          null,
          1,
          1,
          1,
          2,
          null,
          null,
          null,
          null
        ]
      },
      "/Users/payammousavi/Documents/Personal/Projects/Ruby/toy-robot/lib/commands/noop_command.rb": {
        "lines": [
          null,
          null,
          1,
          null,
          1,
          1,
          1,
          null,
          null
        ]
      },
      "/Users/payammousavi/Documents/Personal/Projects/Ruby/toy-robot/spec/commands/place_command_spec.rb": {
        "lines": [
          null,
          null,
          1,
          1,
          1,
          1,
          1,
          null,
          1,
          4,
          4,
          2,
          4,
          null,
          1,
          1,
          1,
          2,
          null,
          null,
          null,
          1,
          2,
          null,
          1,
          2,
          null,
          null,
          null,
          1,
          2,
          null,
          1,
          1,
          1,
          null,
          null,
          null,
          null
        ]
      },
      "/Users/payammousavi/Documents/Personal/Projects/Ruby/toy-robot/lib/commands/place_command.rb": {
        "lines": [
          null,
          null,
          1,
          null,
          1,
          1,
          5,
          5,
          null,
          null,
          1,
          4,
          null,
          2,
          null,
          null
        ]
      },
      "/Users/payammousavi/Documents/Personal/Projects/Ruby/toy-robot/spec/commands/report_command_spec.rb": {
        "lines": [
          null,
          null,
          1,
          1,
          1,
          1,
          1,
          null,
          1,
          3,
          3,
          3,
          null,
          1,
          1,
          1,
          2,
          null,
          null,
          null,
          1,
          2,
          null,
          1,
          1,
          1,
          1,
          null,
          null,
          null,
          null
        ]
      },
      "/Users/payammousavi/Documents/Personal/Projects/Ruby/toy-robot/lib/commands/report_command.rb": {
        "lines": [
          null,
          null,
          1,
          null,
          1,
          1,
          3,
          null,
          null
        ]
      },
      "/Users/payammousavi/Documents/Personal/Projects/Ruby/toy-robot/spec/commands/turn_left_command_spec.rb": {
        "lines": [
          null,
          null,
          1,
          1,
          1,
          1,
          null,
          1,
          3,
          3,
          3,
          null,
          1,
          1,
          1,
          2,
          null,
          null,
          null,
          1,
          2,
          null,
          1,
          1,
          1,
          1,
          null,
          null,
          null,
          null
        ]
      },
      "/Users/payammousavi/Documents/Personal/Projects/Ruby/toy-robot/lib/commands/turn_left_command.rb": {
        "lines": [
          null,
          null,
          1,
          null,
          1,
          1,
          2,
          null,
          null
        ]
      },
      "/Users/payammousavi/Documents/Personal/Projects/Ruby/toy-robot/spec/commands/turn_right_command_spec.rb": {
        "lines": [
          null,
          null,
          1,
          1,
          1,
          1,
          null,
          1,
          3,
          3,
          3,
          null,
          1,
          1,
          1,
          2,
          null,
          null,
          null,
          1,
          2,
          null,
          1,
          1,
          1,
          1,
          null,
          null,
          null,
          null
        ]
      },
      "/Users/payammousavi/Documents/Personal/Projects/Ruby/toy-robot/lib/commands/turn_right_command.rb": {
        "lines": [
          null,
          null,
          1,
          null,
          1,
          1,
          2,
          null,
          null
        ]
      },
      "/Users/payammousavi/Documents/Personal/Projects/Ruby/toy-robot/spec/map_spec.rb": {
        "lines": [
          null,
          null,
          1,
          1,
          1,
          null,
          1,
          1,
          1,
          1,
          1,
          1,
          null,
          null,
          null,
          null,
          null,
          1,
          4,
          null,
          1,
          1,
          null,
          null,
          1,
          1,
          null,
          null,
          1,
          1,
          null,
          null,
          null
        ]
      },
      "/Users/payammousavi/Documents/Personal/Projects/Ruby/toy-robot/spec/parser_spec.rb": {
        "lines": [
          null,
          null,
          1,
          1,
          1,
          1,
          null,
          1,
          8,
          8,
          8,
          null,
          1,
          1,
          null,
          null,
          null,
          null,
          null,
          null,
          null,
          null,
          7,
          7,
          7,
          null,
          null,
          null,
          null
        ]
      },
      "/Users/payammousavi/Documents/Personal/Projects/Ruby/toy-robot/lib/parser.rb": {
        "lines": [
          null,
          null,
          1,
          1,
          1,
          1,
          1,
          1,
          1,
          1,
          null,
          null,
          null,
          null,
          1,
          1,
          1,
          1,
          1,
          1,
          1,
          null,
          1,
          10,
          null,
          10,
          null,
          2,
          2,
          2,
          null,
          1,
          null,
          1,
          null,
          1,
          null,
          2,
          null,
          2,
          null,
          1,
          null,
          null,
          null,
          1,
          10,
          null,
          null
        ]
      },
      "/Users/payammousavi/Documents/Personal/Projects/Ruby/toy-robot/spec/position_spec.rb": {
        "lines": [
          null,
          null,
          1,
          1,
          1,
          null,
          1,
          7,
          null,
          1,
          1,
          1,
          1,
          null,
          null,
          null,
          1,
          1,
          1,
          1,
          1,
          1,
          null,
          null,
          1,
          2,
          null,
          null,
          null,
          1,
          1,
          1,
          null,
          null,
          1,
          1,
          1,
          null,
          null,
          null,
          1,
          1,
          1,
          1,
          null,
          null,
          1,
          1,
          null,
          null,
          null,
          1,
          1,
          1,
          1,
          null,
          null,
          1,
          1,
          null,
          null,
          null,
          null,
          null,
          null,
          null,
          null,
          null,
          null,
          null,
          null,
          null,
          null,
          null,
          null,
          null,
          null,
          null,
          null,
          null,
          null,
          null,
          null,
          null,
          null,
          null,
          null,
          null,
          null,
          null,
          null,
          null,
          null,
          null,
          null,
          null,
          null,
          null,
          null,
          null,
          null,
          null,
          null,
          null,
          null,
          null,
          null,
          null,
          null,
          null,
          null,
          null,
          null,
          null,
          null,
          null,
          null,
          null,
          null,
          null,
          null,
          null,
          null,
          null,
          null,
          null,
          null,
          null,
          null,
          null,
          null,
          null,
          null,
          null,
          null,
          null
        ]
      },
      "/Users/payammousavi/Documents/Personal/Projects/Ruby/toy-robot/spec/robot_spec.rb": {
        "lines": [
          null,
          null,
          1,
          1,
          1,
          1,
          null,
          1,
          1,
          1,
          2,
          null,
          1,
          1,
          null,
          null,
          null,
          1,
          2,
          2,
          null,
          1,
          1,
          1,
          null,
          null,
          null,
          null,
          1,
          1,
          2,
          null,
          1,
          2,
          null,
          null,
          null,
          1,
          2,
          2,
          null,
          1,
          1,
          1,
          null,
          null,
          null,
          null
        ]
      },
      "/Users/payammousavi/Documents/Personal/Projects/Ruby/toy-robot/spec/toy_robot_spec.rb": {
        "lines": [
          null,
          null,
          1,
          1,
          null,
          1,
          1,
          1,
          null,
          null,
          null,
          null,
          null,
          1,
          1,
          1,
          1,
          2,
          null,
          null,
          null,
          1,
          1,
          0,
          0,
          null,
          null,
          null,
          1,
          1,
          1,
          0,
          0,
          null,
          null,
          null,
          1,
          1,
          0,
          0,
          null,
          null,
          null,
          1,
          1,
          0,
          0,
          null,
          null,
          null,
          1,
          1,
          0,
          0,
          null,
          null,
          null,
          null,
          1,
          1,
          0,
          0,
          null,
          null,
          null,
          1,
          1,
          0,
          0,
          null,
          null,
          null,
          1,
          1,
          0,
          0,
          null,
          null,
          null,
          null
        ]
      },
      "/Users/payammousavi/Documents/Personal/Projects/Ruby/toy-robot/lib/toy_robot_app.rb": {
        "lines": [
          null,
          null,
          1,
          1,
          1,
          1,
          1,
          null,
          null,
          null,
          null,
          null,
          null,
          1,
          1,
          null,
          1,
          1,
          1,
          null,
          null,
          null,
          null,
          1,
          1,
          null,
          1,
          1,
          1,
          null,
          null,
          1,
          1,
          1,
          null,
          null,
          1,
          1,
          null,
          null,
          null,
          1,
          1,
          null,
          1,
          3,
          3,
          null,
          null,
          0,
          null,
          null,
          null,
          1,
          1,
          1,
          1,
          null,
          null
        ]
      }
    },
    "timestamp": 1723374481
  }
}
